#Packing pin usage report
Type: io
	Input Pin Usage:
		Max: 1.00 (1.00)
		Avg: 0.20 (0.20)
		Min: 0.00 (0.00)
		Histogram:
		[        0:      0.1) 8 ( 80.0%) |*************************************************
		[      0.1:      0.2) 0 (  0.0%) |
		[      0.2:      0.3) 0 (  0.0%) |
		[      0.3:      0.4) 0 (  0.0%) |
		[      0.4:      0.5) 0 (  0.0%) |
		[      0.5:      0.6) 0 (  0.0%) |
		[      0.6:      0.7) 0 (  0.0%) |
		[      0.7:      0.8) 0 (  0.0%) |
		[      0.8:      0.9) 0 (  0.0%) |
		[      0.9:        1) 2 ( 20.0%) |************
	Output Pin Usage:
		Max: 1.00 (1.00)
		Avg: 0.80 (0.80)
		Min: 0.00 (0.00)
		Histogram:
		[        0:      0.1) 2 ( 20.0%) |************
		[      0.1:      0.2) 0 (  0.0%) |
		[      0.2:      0.3) 0 (  0.0%) |
		[      0.3:      0.4) 0 (  0.0%) |
		[      0.4:      0.5) 0 (  0.0%) |
		[      0.5:      0.6) 0 (  0.0%) |
		[      0.6:      0.7) 0 (  0.0%) |
		[      0.7:      0.8) 0 (  0.0%) |
		[      0.8:      0.9) 0 (  0.0%) |
		[      0.9:        1) 8 ( 80.0%) |*************************************************

Type: clb
	Input Pin Usage:
		Max: 4.00 (0.80)
		Avg: 3.11 (0.62)
		Min: 2.00 (0.40)
		Histogram:
		[        0:      0.5)  0 (  0.0%) |
		[      0.5:        1)  0 (  0.0%) |
		[        1:      1.5)  0 (  0.0%) |
		[      1.5:        2)  2 ( 11.1%) |********
		[        2:      2.5)  0 (  0.0%) |
		[      2.5:        3) 12 ( 66.7%) |************************************************
		[        3:      3.5)  0 (  0.0%) |
		[      3.5:        4)  4 ( 22.2%) |****************
		[        4:      4.5)  0 (  0.0%) |
		[      4.5:        5)  0 (  0.0%) |
	Output Pin Usage:
		Max: 1.00 (1.00)
		Avg: 1.00 (1.00)
		Min: 1.00 (1.00)
		Histogram:
		[        0:      0.1)  0 (  0.0%) |
		[      0.1:      0.2)  0 (  0.0%) |
		[      0.2:      0.3)  0 (  0.0%) |
		[      0.3:      0.4)  0 (  0.0%) |
		[      0.4:      0.5)  0 (  0.0%) |
		[      0.5:      0.6)  0 (  0.0%) |
		[      0.6:      0.7)  0 (  0.0%) |
		[      0.7:      0.8)  0 (  0.0%) |
		[      0.8:      0.9)  0 (  0.0%) |
		[      0.9:        1) 18 (100.0%) |************************************************

