/usr/bin/env time -v /home/jiayin/App/vtr/vtr_flow/scripts/blackbox_latches.pl --clk_list latch_^_re_^_dual_port_RAM^clk_^_0 --input dual_port_ram.odin.blif --output 0_dual_port_ram.odin.blif
using folowing clk domain: latch_^_re_^_dual_port_RAM^clk_^_0 
using input blif: dual_port_ram.odin.blif
using output blif: 0_dual_port_ram.odin.blif
Usage Statistic:
	<Clock UniqID>	#<Number of Latches impacted>
____
Vanilla Latches:
	latch_^_re_^_dual_port_RAM^clk_^_0	#12
____
Black Boxed Latches:
	-None-

	Command being timed: "/home/jiayin/App/vtr/vtr_flow/scripts/blackbox_latches.pl --clk_list latch_^_re_^_dual_port_RAM^clk_^_0 --input dual_port_ram.odin.blif --output 0_dual_port_ram.odin.blif"
	User time (seconds): 0.00
	System time (seconds): 0.00
	Percent of CPU this job got: 80%
	Elapsed (wall clock) time (h:mm:ss or m:ss): 0:00.00
	Average shared text size (kbytes): 0
	Average unshared data size (kbytes): 0
	Average stack size (kbytes): 0
	Average total size (kbytes): 0
	Maximum resident set size (kbytes): 5880
	Average resident set size (kbytes): 0
	Major (requiring I/O) page faults: 0
	Minor (reclaiming a frame) page faults: 353
	Voluntary context switches: 1
	Involuntary context switches: 3
	Swaps: 0
	File system inputs: 0
	File system outputs: 32
	Socket messages sent: 0
	Socket messages received: 0
	Signals delivered: 0
	Page size (bytes): 4096
	Exit status: 0
