#Packing pin usage report
Type: io
	Input Pin Usage:
		Max: 1.00 (1.00)
		Avg: 0.25 (0.25)
		Min: 0.00 (0.00)
		Histogram:
		[        0:      0.1) 9 ( 75.0%) |*************************************************
		[      0.1:      0.2) 0 (  0.0%) |
		[      0.2:      0.3) 0 (  0.0%) |
		[      0.3:      0.4) 0 (  0.0%) |
		[      0.4:      0.5) 0 (  0.0%) |
		[      0.5:      0.6) 0 (  0.0%) |
		[      0.6:      0.7) 0 (  0.0%) |
		[      0.7:      0.8) 0 (  0.0%) |
		[      0.8:      0.9) 0 (  0.0%) |
		[      0.9:        1) 3 ( 25.0%) |****************
	Output Pin Usage:
		Max: 1.00 (1.00)
		Avg: 0.75 (0.75)
		Min: 0.00 (0.00)
		Histogram:
		[        0:      0.1) 3 ( 25.0%) |****************
		[      0.1:      0.2) 0 (  0.0%) |
		[      0.2:      0.3) 0 (  0.0%) |
		[      0.3:      0.4) 0 (  0.0%) |
		[      0.4:      0.5) 0 (  0.0%) |
		[      0.5:      0.6) 0 (  0.0%) |
		[      0.6:      0.7) 0 (  0.0%) |
		[      0.7:      0.8) 0 (  0.0%) |
		[      0.8:      0.9) 0 (  0.0%) |
		[      0.9:        1) 9 ( 75.0%) |*************************************************

Type: clb
	Input Pin Usage:
		Max: 5.00 (0.83)
		Avg: 4.83 (0.81)
		Min: 4.00 (0.67)
		Histogram:
		[        0:      0.6)  0 (  0.0%) |
		[      0.6:      1.2)  0 (  0.0%) |
		[      1.2:      1.8)  0 (  0.0%) |
		[      1.8:      2.4)  0 (  0.0%) |
		[      2.4:        3)  0 (  0.0%) |
		[        3:      3.6)  0 (  0.0%) |
		[      3.6:      4.2)  3 ( 16.7%) |**********
		[      4.2:      4.8)  0 (  0.0%) |
		[      4.8:      5.4) 15 ( 83.3%) |************************************************
		[      5.4:        6)  0 (  0.0%) |
	Output Pin Usage:
		Max: 1.00 (1.00)
		Avg: 1.00 (1.00)
		Min: 1.00 (1.00)
		Histogram:
		[        0:      0.1)  0 (  0.0%) |
		[      0.1:      0.2)  0 (  0.0%) |
		[      0.2:      0.3)  0 (  0.0%) |
		[      0.3:      0.4)  0 (  0.0%) |
		[      0.4:      0.5)  0 (  0.0%) |
		[      0.5:      0.6)  0 (  0.0%) |
		[      0.6:      0.7)  0 (  0.0%) |
		[      0.7:      0.8)  0 (  0.0%) |
		[      0.8:      0.9)  0 (  0.0%) |
		[      0.9:        1) 18 (100.0%) |************************************************

