/usr/bin/env time -v /home/jiayin/App/vtr/abc/abc -c echo ""; echo "Load Netlist"; echo "============"; read 0_blink.odin.blif; time; echo ""; echo "Circuit Info"; echo "=========="; print_stats; print_latch; time; echo ""; echo "LUT Costs"; echo "========="; print_lut; time; echo ""; echo "Logic Opt + Techmap"; echo "==================="; strash; ifraig -v; scorr -v; dc2 -v; dch -f; if -K 4 -v; mfs2 -v; print_stats; time; echo ""; echo "Output Netlist"; echo "=============="; write_hie 0_blink.odin.blif 0_blink.raw.abc.blif; time;
ABC command line: "echo ""; echo "Load Netlist"; echo "============"; read 0_blink.odin.blif; time; echo ""; echo "Circuit Info"; echo "=========="; print_stats; print_latch; time; echo ""; echo "LUT Costs"; echo "========="; print_lut; time; echo ""; echo "Logic Opt + Techmap"; echo "==================="; strash; ifraig -v; scorr -v; dc2 -v; dch -f; if -K 4 -v; mfs2 -v; print_stats; time; echo ""; echo "Output Netlist"; echo "=============="; write_hie 0_blink.odin.blif 0_blink.raw.abc.blif; time;".

 
Load Netlist 
============ 
Hierarchy reader converted 1 instances of blackboxes.
elapse: 0.00 seconds, total: 0.00 seconds
 
Circuit Info 
========== 
[1;37mblink                         :[0m i/o =    2/    2  lat =    5  nd =    35  edge =     88  cube =    72  lev = 10
Total latches =     5. Init0 = 5. Init1 = 0. InitDC = 0. Const data = 0.
elapse: 0.00 seconds, total: 0.00 seconds
 
LUT Costs 
========= 
# The area/delay of k-variable LUTs:
# k    area     delay
1      1.00      1.00
2      1.00      1.00
3      1.00      1.00
4      1.00      1.00
elapse: 0.00 seconds, total: 0.00 seconds
 
Logic Opt + Techmap 
=================== 
SimWords = 32. Rounds = 4. Mem = 0.00 MB.  Classes: Beg = 0. End = 0.
Proof = 0. Counter-example = 0. Fail = 0. FailReal = 0. Zero = 0.
Final = 20. Miter = 20. Total = 20. Mux = 0. (Exor = 0.) SatVars = 0.
AIG simulation   =     0.00 sec
AIG traversal    =     0.00 sec
SAT solving      =     0.00 sec
    Unsat        =     0.00 sec
    Sat          =     0.00 sec
    Fail         =     0.00 sec
Class refining   =     0.00 sec
TOTAL RUNTIME    =     0.00 sec
Allocated 0.00 MB to store simulation information.
Initial simulation of 4 frames with 2 words.     Time =     0.00 sec
Collecting candidate equivalence classes.        Time =     0.00 sec
Simulation of 4 frames with 2 words ( 4 rounds). Time =     0.00 sec
Before BMC: Equiv classes: Const1 =     0. Class =     3. Lit =     3.
After  BMC: Equiv classes: Const1 =     0. Class =     3. Lit =     3.
  0 : C =      0. Cl =      0. LR =     3. NR =    40. F =    0. - T =     0.00 sec
  1 : C =      0. Cl =      0. LR =     0. NR =    40. F =    0. - T =     0.00 sec
Parameters: F = 1. AddF = 2. C-lim = 1000. Constr = 0. MaxLev = 0. Mem = 0.00 MB.
AIG       : PI = 2. PO = 2. Latch = 5. Node = 20.  Ave SAT vars = 0.
SAT calls : Proof = 0. Cex = 2. Fail = 0. Lits proved = 0.
SAT solver: Vars max = 29. Calls max = 2. Recycles = 0. Sim rounds = 0.
NBeg = 20. NEnd = 20. (Gain =   0.00 %).  RBeg = 5. REnd = 5. (Gain =   0.00 %).
BMC         =     0.00 sec (  0.28 %)
Spec reduce =     0.00 sec (  1.08 %)
Mark cones  =     0.00 sec (  0.00 %)
Sim SAT     =     0.00 sec (  0.23 %)
SAT solving =     0.00 sec (  3.70 %)
  unsat     =     0.00 sec (  0.06 %)
  sat       =     0.00 sec (  3.70 %)
  undecided =     0.00 sec (  0.00 %)
Other       =     0.00 sec ( 94.71 %)
TOTAL       =     0.00 sec (100.00 %)
Starting:  blink           : pi =     2  po =     2  lat =     5  and =      20  lev =   6
Rewrite:   blink           : pi =     2  po =     2  lat =     5  and =      17  lev =   6
Refactor:  blink           : pi =     2  po =     2  lat =     5  and =      17  lev =   6
Balance:   blink           : pi =     2  po =     2  lat =     5  and =      17  lev =   6
Rewrite:   blink           : pi =     2  po =     2  lat =     5  and =      17  lev =   6
RewriteZ:  blink           : pi =     2  po =     2  lat =     5  and =      17  lev =   6
RefactorZ: blink           : pi =     2  po =     2  lat =     5  and =      17  lev =   6
RewriteZ:  blink           : pi =     2  po =     2  lat =     5  and =      17  lev =   6
K = 4. Memory (bytes): Truth =    0. Cut =   48. Obj =  128. Set =  528. CutMin = no
Node =      21.  Ch =     1.  Total mem =    0.00 MB. Peak cut mem =    0.00 MB.
P:  Del =    2.00.  Ar =       7.0.  Edge =       22.  Cut =       80.  T =     0.00 sec
P:  Del =    2.00.  Ar =       7.0.  Edge =       22.  Cut =       80.  T =     0.00 sec
P:  Del =    2.00.  Ar =       7.0.  Edge =       22.  Cut =       80.  T =     0.00 sec
F:  Del =    2.00.  Ar =       7.0.  Edge =       22.  Cut =       51.  T =     0.00 sec
A:  Del =    2.00.  Ar =       7.0.  Edge =       22.  Cut =       51.  T =     0.00 sec
A:  Del =    2.00.  Ar =       7.0.  Edge =       22.  Cut =       51.  T =     0.00 sec
Total time =     0.00 sec
Duplicated 1 gates to decouple the CO drivers.
Performing MFS with 7 PIs, 7 POs, 8 nodes (8 flexible, 0 fixed, 0 empty).
Nodes = 8. Try = 7. Resub = 0. Div = 20 (ave = 2). SAT calls = 60. Timeouts = 0. MaxDivs = 0.
Attempts :   Remove      0 out of     22 (  0.00 %)   Resub       0 out of      2 (  0.00 %)   
Reduction:   Nodes       0 out of      8 (  0.00 %)   Edges       0 out of     23 (  0.00 %)   
Win =     0.00 sec (  1.03 %)
Div =     0.00 sec (  0.51 %)
Cnf =     0.00 sec (  2.91 %)
Sat =     0.00 sec ( 16.07 %)
Oth =     0.00 sec ( 79.49 %)
ALL =     0.00 sec (100.00 %)
[1;37mblink                         :[0m i/o =    2/    2  lat =    5  nd =     8  edge =     23  cube =    13  lev = 2
elapse: 0.03 seconds, total: 0.03 seconds
 
Output Netlist 
============== 
Hierarchy writer reintroduced 1 instances of blackboxes.
elapse: 0.00 seconds, total: 0.03 seconds
	Command being timed: "/home/jiayin/App/vtr/abc/abc -c echo ""; echo "Load Netlist"; echo "============"; read 0_blink.odin.blif; time; echo ""; echo "Circuit Info"; echo "=========="; print_stats; print_latch; time; echo ""; echo "LUT Costs"; echo "========="; print_lut; time; echo ""; echo "Logic Opt + Techmap"; echo "==================="; strash; ifraig -v; scorr -v; dc2 -v; dch -f; if -K 4 -v; mfs2 -v; print_stats; time; echo ""; echo "Output Netlist"; echo "=============="; write_hie 0_blink.odin.blif 0_blink.raw.abc.blif; time;"
	User time (seconds): 0.04
	System time (seconds): 0.00
	Percent of CPU this job got: 89%
	Elapsed (wall clock) time (h:mm:ss or m:ss): 0:00.04
	Average shared text size (kbytes): 0
	Average unshared data size (kbytes): 0
	Average stack size (kbytes): 0
	Average total size (kbytes): 0
	Maximum resident set size (kbytes): 35704
	Average resident set size (kbytes): 0
	Major (requiring I/O) page faults: 0
	Minor (reclaiming a frame) page faults: 8534
	Voluntary context switches: 1
	Involuntary context switches: 28
	Swaps: 0
	File system inputs: 0
	File system outputs: 8
	Socket messages sent: 0
	Socket messages received: 0
	Signals delivered: 0
	Page size (bytes): 4096
	Exit status: 0
